2024-08-06 15:44:16,104 INFO [main] o.e.C.RevSpeedConsoleApp [RevSpeedConsoleApp.java:93]  User logging in... 
2024-08-06 15:44:23,209 INFO [main] o.e.C.RevSpeedConsoleApp [RevSpeedConsoleApp.java:101]  Login successfull with username: nithish
2024-08-06 15:46:34,193 INFO [main] o.e.C.RevSpeedConsoleApp [RevSpeedConsoleApp.java:93]  User logging in... 
2024-08-06 15:46:42,619 INFO [main] o.e.C.RevSpeedConsoleApp [RevSpeedConsoleApp.java:101]  Login successfull with username: nithish
2024-08-06 15:46:48,123 INFO [main] o.e.C.RevSpeedConsoleApp [RevSpeedConsoleApp.java:149]  User Logged out...
2024-08-06 17:56:49,064 INFO [main] o.e.C.RevSpeedConsoleApp [RevSpeedConsoleApp.java:93]  User logging in... 
2024-08-06 18:03:51,408 INFO [main] o.e.C.RevSpeedConsoleApp [RevSpeedConsoleApp.java:93]  User logging in... 
2024-08-06 18:03:55,760 INFO [main] o.e.C.RevSpeedConsoleApp [RevSpeedConsoleApp.java:101]  Login successfull with username: nithish
2024-08-06 18:03:59,720 INFO [main] o.e.C.RevSpeedConsoleApp [RevSpeedConsoleApp.java:149]  User Logged out...
2024-08-06 18:04:01,775 INFO [main] o.e.C.RevSpeedConsoleApp [RevSpeedConsoleApp.java:60]  Registration process started...
2024-08-06 18:05:00,184 INFO [main] o.e.C.RevSpeedConsoleApp [RevSpeedConsoleApp.java:84]  User Registered Successfully
2024-08-06 18:05:03,819 INFO [main] o.e.C.RevSpeedConsoleApp [RevSpeedConsoleApp.java:93]  User logging in... 
2024-08-06 18:05:13,761 INFO [main] o.e.C.RevSpeedConsoleApp [RevSpeedConsoleApp.java:101]  Login successfull with username: Nithin
2024-08-06 18:05:28,933 INFO [main] o.e.C.RevSpeedConsoleApp [RevSpeedConsoleApp.java:149]  User Logged out...
2024-08-06 18:05:31,109 INFO [main] o.e.C.RevSpeedConsoleApp [RevSpeedConsoleApp.java:93]  User logging in... 
2024-08-06 18:24:58,702 INFO [main] o.e.C.RevSpeedConsoleApp [RevSpeedConsoleApp.java:60]  Registration process started...
2024-08-06 18:25:36,277 INFO [main] o.e.C.RevSpeedConsoleApp [RevSpeedConsoleApp.java:84]  User Registered Successfully
2024-08-06 18:25:44,385 INFO [main] o.e.C.RevSpeedConsoleApp [RevSpeedConsoleApp.java:93]  User logging in... 
2024-08-06 18:25:54,123 INFO [main] o.e.C.RevSpeedConsoleApp [RevSpeedConsoleApp.java:101]  Login successfull with username: niharika
2024-08-06 18:26:57,728 INFO [main] o.e.C.RevSpeedConsoleApp [RevSpeedConsoleApp.java:188]  Profile of niharikahas updated successfully
2024-08-06 18:27:39,171 INFO [main] o.e.C.RevSpeedConsoleApp [RevSpeedConsoleApp.java:221]  User with username niharika subscribed to the plan of id: 1
2024-08-06 18:28:10,529 WARN [main] o.e.C.RevSpeedConsoleApp [RevSpeedConsoleApp.java:248]  User opted out of the plan of id: 1
2024-08-06 18:28:28,300 INFO [main] o.e.C.RevSpeedConsoleApp [RevSpeedConsoleApp.java:149]  User Logged out...
2024-08-06 19:51:53,786 INFO [main] o.e.C.RevSpeedConsoleApp [RevSpeedConsoleApp.java:60]  Registration process started...
2024-08-06 19:52:40,975 INFO [main] o.e.C.RevSpeedConsoleApp [RevSpeedConsoleApp.java:84]  User Registered Successfully
2024-08-06 19:53:30,064 INFO [main] o.e.C.RevSpeedConsoleApp [RevSpeedConsoleApp.java:60]  Registration process started...
2024-08-06 19:57:57,889 INFO [main] o.e.C.RevSpeedConsoleApp [RevSpeedConsoleApp.java:84]  User Registered Successfully
2024-08-06 21:35:55,413 INFO [main] o.e.C.RevSpeedConsoleApp [RevSpeedConsoleApp.java:60]  Registration process started...
2024-08-06 21:39:07,535 INFO [main] o.e.C.RevSpeedConsoleApp [RevSpeedConsoleApp.java:60]  Registration process started...
2024-08-06 21:44:08,158 INFO [main] o.e.C.RevSpeedConsoleApp [RevSpeedConsoleApp.java:60]  Registration process started...
2024-08-06 22:04:18,785 INFO [main] o.e.C.RevSpeedConsoleApp [RevSpeedConsoleApp.java:60]  Registration process started...
2024-08-06 22:04:53,159 INFO [main] o.e.C.RevSpeedConsoleApp [RevSpeedConsoleApp.java:84]  User Registered Successfully
2024-08-06 23:45:12,738 INFO [main] o.e.C.RevSpeedConsoleApp [RevSpeedConsoleApp.java:61]  Registration process started...
2024-08-06 23:53:35,477 INFO [main] o.e.C.RevSpeedConsoleApp [RevSpeedConsoleApp.java:61]  Registration process started...
2024-08-06 23:55:24,703 INFO [main] o.e.C.RevSpeedConsoleApp [RevSpeedConsoleApp.java:97]  User Registered Successfully
2024-08-06 23:55:41,544 INFO [main] o.e.C.RevSpeedConsoleApp [RevSpeedConsoleApp.java:61]  Registration process started...
2024-08-06 23:57:03,299 ERROR [main] o.e.C.RevSpeedConsoleApp [RevSpeedConsoleApp.java:100]  Unable to register, Error during registration
2024-08-07 00:12:05,138 INFO [main] o.e.C.RevSpeedConsoleApp [RevSpeedConsoleApp.java:62]  Registration process started...
2024-08-07 00:18:25,789 INFO [main] o.e.C.RevSpeedConsoleApp [RevSpeedConsoleApp.java:62]  Registration process started...
2024-08-07 00:19:07,654 ERROR [main] o.e.C.RevSpeedConsoleApp [RevSpeedConsoleApp.java:107]  Unable to register, Error during registration
2024-08-07 00:23:20,973 INFO [main] o.e.C.RevSpeedConsoleApp [RevSpeedConsoleApp.java:62]  Registration process started...
2024-08-07 00:27:05,538 INFO [main] o.e.C.RevSpeedConsoleApp [RevSpeedConsoleApp.java:62]  Registration process started...
2024-08-07 00:28:09,046 ERROR [main] o.e.C.RevSpeedConsoleApp [RevSpeedConsoleApp.java:108]  Unable to register, Error during registration
2024-08-07 00:29:00,341 INFO [main] o.e.C.RevSpeedConsoleApp [RevSpeedConsoleApp.java:62]  Registration process started...
2024-08-07 00:30:29,221 INFO [main] o.e.C.RevSpeedConsoleApp [RevSpeedConsoleApp.java:100]  User Registered Successfully
2024-08-07 00:38:22,898 INFO [main] o.e.C.RevSpeedConsoleApp [RevSpeedConsoleApp.java:62]  Registration process started...
2024-08-07 00:38:59,097 INFO [main] o.e.C.RevSpeedConsoleApp [RevSpeedConsoleApp.java:100]  User Registered Successfully
2024-08-07 00:47:38,394 INFO [main] o.e.C.RevSpeedConsoleApp [RevSpeedConsoleApp.java:62]  Registration process started...
2024-08-07 00:49:53,306 INFO [main] o.e.C.RevSpeedConsoleApp [RevSpeedConsoleApp.java:62]  Registration process started...
2024-08-07 00:52:02,838 INFO [main] o.e.C.RevSpeedConsoleApp [RevSpeedConsoleApp.java:62]  Registration process started...
2024-08-07 00:52:20,635 INFO [main] o.e.C.RevSpeedConsoleApp [RevSpeedConsoleApp.java:62]  Registration process started...
2024-08-07 00:53:12,406 INFO [main] o.e.C.RevSpeedConsoleApp [RevSpeedConsoleApp.java:62]  Registration process started...
2024-08-07 00:56:31,265 INFO [main] o.e.C.RevSpeedConsoleApp [RevSpeedConsoleApp.java:62]  Registration process started...
2024-08-07 00:58:20,609 INFO [main] o.e.C.RevSpeedConsoleApp [RevSpeedConsoleApp.java:62]  Registration process started...
2024-08-07 00:59:18,229 ERROR [main] o.e.C.RevSpeedConsoleApp [RevSpeedConsoleApp.java:112]  Unable to register, Error during registration
2024-08-07 14:12:34,342 INFO [main] o.e.C.RevSpeedConsoleApp [RevSpeedConsoleApp.java:120]  User logging in... 
2024-08-07 14:28:21,886 INFO [main] o.e.C.RevSpeedConsoleApp [RevSpeedConsoleApp.java:120]  User logging in... 
2024-08-07 14:28:54,847 INFO [main] o.e.C.RevSpeedConsoleApp [RevSpeedConsoleApp.java:120]  User logging in... 
2024-08-07 14:29:15,995 INFO [main] o.e.C.RevSpeedConsoleApp [RevSpeedConsoleApp.java:136]  Login successfull with username: chinnu14
2024-08-07 14:31:46,652 INFO [main] o.e.C.RevSpeedConsoleApp [RevSpeedConsoleApp.java:120]  User logging in... 
2024-08-07 14:31:58,714 INFO [main] o.e.C.RevSpeedConsoleApp [RevSpeedConsoleApp.java:136]  Login successfull with username: chinnu14
2024-08-07 14:37:33,396 INFO [main] o.e.C.RevSpeedConsoleApp [RevSpeedConsoleApp.java:120]  User logging in... 
2024-08-07 14:37:44,338 INFO [main] o.e.C.RevSpeedConsoleApp [RevSpeedConsoleApp.java:136]  Login successfull with username: chinnu14
2024-08-07 14:38:19,169 INFO [main] o.e.C.RevSpeedConsoleApp [RevSpeedConsoleApp.java:120]  User logging in... 
2024-08-07 14:38:30,011 INFO [main] o.e.C.RevSpeedConsoleApp [RevSpeedConsoleApp.java:136]  Login successfull with username: chinnu14
2024-08-07 14:39:48,667 INFO [main] o.e.C.RevSpeedConsoleApp [RevSpeedConsoleApp.java:120]  User logging in... 
2024-08-07 14:39:59,623 INFO [main] o.e.C.RevSpeedConsoleApp [RevSpeedConsoleApp.java:136]  Login successfull with username: chinnu14
2024-08-07 14:40:37,459 INFO [main] o.e.C.RevSpeedConsoleApp [RevSpeedConsoleApp.java:120]  User logging in... 
2024-08-07 14:40:45,734 INFO [main] o.e.C.RevSpeedConsoleApp [RevSpeedConsoleApp.java:136]  Login successfull with username: chinnu14
2024-08-07 14:41:56,287 INFO [main] o.e.C.RevSpeedConsoleApp [RevSpeedConsoleApp.java:120]  User logging in... 
2024-08-07 14:42:06,505 INFO [main] o.e.C.RevSpeedConsoleApp [RevSpeedConsoleApp.java:136]  Login successfull with username: chinnu14
2024-08-07 14:44:17,362 INFO [main] o.e.C.RevSpeedConsoleApp [RevSpeedConsoleApp.java:120]  User logging in... 
2024-08-07 14:44:25,519 INFO [main] o.e.C.RevSpeedConsoleApp [RevSpeedConsoleApp.java:136]  Login successfull with username: chinnu14
2024-08-07 20:19:03,938 INFO [main] o.e.C.RevSpeedConsoleApp [RevSpeedConsoleApp.java:62]  Registration process started...
2024-08-07 20:20:38,387 INFO [main] o.e.C.RevSpeedConsoleApp [RevSpeedConsoleApp.java:62]  Registration process started...
2024-08-07 20:24:35,258 INFO [main] o.e.C.RevSpeedConsoleApp [RevSpeedConsoleApp.java:62]  Registration process started...
2024-08-07 20:29:14,493 INFO [main] o.e.C.RevSpeedConsoleApp [RevSpeedConsoleApp.java:62]  Registration process started...
2024-08-07 20:30:25,318 INFO [main] o.e.C.RevSpeedConsoleApp [RevSpeedConsoleApp.java:62]  Registration process started...
2024-08-07 20:31:06,367 ERROR [main] o.e.C.RevSpeedConsoleApp [RevSpeedConsoleApp.java:121]  Unable to register, Error during registration
2024-08-07 20:32:07,018 INFO [main] o.e.C.RevSpeedConsoleApp [RevSpeedConsoleApp.java:62]  Registration process started...
2024-08-07 20:32:38,431 ERROR [main] o.e.C.RevSpeedConsoleApp [RevSpeedConsoleApp.java:121]  Unable to register, Error during registration
2024-08-07 20:33:12,455 INFO [main] o.e.C.RevSpeedConsoleApp [RevSpeedConsoleApp.java:62]  Registration process started...
2024-08-07 20:33:52,324 INFO [main] o.e.C.RevSpeedConsoleApp [RevSpeedConsoleApp.java:117]  User Registered Successfully
2024-08-07 20:34:26,960 INFO [main] o.e.C.RevSpeedConsoleApp [RevSpeedConsoleApp.java:62]  Registration process started...
2024-08-07 20:35:50,062 INFO [main] o.e.C.RevSpeedConsoleApp [RevSpeedConsoleApp.java:129]  User logging in... 
2024-08-07 20:36:08,410 INFO [main] o.e.C.RevSpeedConsoleApp [RevSpeedConsoleApp.java:145]  Login successfull with username: arjuna12
2024-08-07 20:42:37,035 INFO [main] o.e.C.RevSpeedConsoleApp [RevSpeedConsoleApp.java:129]  User logging in... 
2024-08-07 20:42:49,369 INFO [main] o.e.C.RevSpeedConsoleApp [RevSpeedConsoleApp.java:145]  Login successfull with username: arjuna12
2024-08-07 20:44:07,624 INFO [main] o.e.C.RevSpeedConsoleApp [RevSpeedConsoleApp.java:129]  User logging in... 
2024-08-07 20:44:23,515 INFO [main] o.e.C.RevSpeedConsoleApp [RevSpeedConsoleApp.java:145]  Login successfull with username: arjuna12
2024-08-07 20:46:01,059 INFO [main] o.e.C.RevSpeedConsoleApp [RevSpeedConsoleApp.java:62]  Registration process started...
2024-08-07 20:46:33,350 ERROR [main] o.e.C.RevSpeedConsoleApp [RevSpeedConsoleApp.java:121]  Unable to register, Error during registration
2024-08-07 20:47:34,852 INFO [main] o.e.C.RevSpeedConsoleApp [RevSpeedConsoleApp.java:129]  User logging in... 
2024-08-07 20:47:49,808 INFO [main] o.e.C.RevSpeedConsoleApp [RevSpeedConsoleApp.java:145]  Login successfull with username: arjuna12
2024-08-07 20:50:26,713 INFO [main] o.e.C.RevSpeedConsoleApp [RevSpeedConsoleApp.java:129]  User logging in... 
2024-08-07 20:50:39,599 INFO [main] o.e.C.RevSpeedConsoleApp [RevSpeedConsoleApp.java:145]  Login successfull with username: arjuna12
2024-08-07 20:51:44,268 INFO [main] o.e.C.RevSpeedConsoleApp [RevSpeedConsoleApp.java:62]  Registration process started...
2024-08-07 20:52:22,372 ERROR [main] o.e.C.RevSpeedConsoleApp [RevSpeedConsoleApp.java:121]  Unable to register, Error during registration
2024-08-07 20:58:25,447 INFO [main] o.e.C.RevSpeedConsoleApp [RevSpeedConsoleApp.java:62]  Registration process started...
2024-08-07 20:58:58,001 ERROR [main] o.e.C.RevSpeedConsoleApp [RevSpeedConsoleApp.java:122]  Unable to register, Error during registration
2024-08-07 21:00:07,823 INFO [main] o.e.C.RevSpeedConsoleApp [RevSpeedConsoleApp.java:62]  Registration process started...
2024-08-07 21:24:47,244 INFO [main] o.e.C.RevSpeedConsoleApp [RevSpeedConsoleApp.java:62]  Registration process started...
2024-08-07 21:25:23,910 ERROR [main] o.e.C.RevSpeedConsoleApp [RevSpeedConsoleApp.java:122]  Unable to register, Error during registration
2024-08-07 21:36:11,358 INFO [main] o.e.C.RevSpeedConsoleApp [RevSpeedConsoleApp.java:130]  User logging in... 
2024-08-07 21:36:22,321 INFO [main] o.e.C.RevSpeedConsoleApp [RevSpeedConsoleApp.java:146]  Login successfull with username: arjuna12
2024-08-07 21:40:11,684 INFO [main] o.e.C.RevSpeedConsoleApp [RevSpeedConsoleApp.java:130]  User logging in... 
2024-08-07 21:40:24,816 INFO [main] o.e.C.RevSpeedConsoleApp [RevSpeedConsoleApp.java:146]  Login successfull with username: arjuna12
2024-08-07 21:41:51,462 INFO [main] o.e.C.RevSpeedConsoleApp [RevSpeedConsoleApp.java:130]  User logging in... 
2024-08-07 21:42:08,999 INFO [main] o.e.C.RevSpeedConsoleApp [RevSpeedConsoleApp.java:146]  Login successfull with username: arjuna12
2024-08-07 21:47:04,657 INFO [main] o.e.C.RevSpeedConsoleApp [RevSpeedConsoleApp.java:130]  User logging in... 
2024-08-07 21:47:18,460 INFO [main] o.e.C.RevSpeedConsoleApp [RevSpeedConsoleApp.java:146]  Login successfull with username: arjuna12
2024-08-07 21:50:26,084 INFO [main] o.e.C.RevSpeedConsoleApp [RevSpeedConsoleApp.java:130]  User logging in... 
2024-08-07 21:50:35,604 INFO [main] o.e.C.RevSpeedConsoleApp [RevSpeedConsoleApp.java:146]  Login successfull with username: arjuna12
2024-08-07 21:52:18,539 INFO [main] o.e.C.RevSpeedConsoleApp [RevSpeedConsoleApp.java:130]  User logging in... 
2024-08-07 21:52:31,133 INFO [main] o.e.C.RevSpeedConsoleApp [RevSpeedConsoleApp.java:146]  Login successfull with username: arjuna12
2024-08-07 21:54:03,063 INFO [main] o.e.C.RevSpeedConsoleApp [RevSpeedConsoleApp.java:130]  User logging in... 
2024-08-07 21:54:13,062 INFO [main] o.e.C.RevSpeedConsoleApp [RevSpeedConsoleApp.java:146]  Login successfull with username: arjuna12
2024-08-07 21:55:14,621 INFO [main] o.e.C.RevSpeedConsoleApp [RevSpeedConsoleApp.java:194]  User Logged out...
2024-08-07 21:55:19,774 INFO [main] o.e.C.RevSpeedConsoleApp [RevSpeedConsoleApp.java:62]  Registration process started...
2024-08-07 21:57:02,177 ERROR [main] o.e.C.RevSpeedConsoleApp [RevSpeedConsoleApp.java:122]  Unable to register, Error during registration
2024-08-07 21:58:32,118 INFO [main] o.e.C.RevSpeedConsoleApp [RevSpeedConsoleApp.java:62]  Registration process started...
2024-08-07 21:59:08,745 ERROR [main] o.e.C.RevSpeedConsoleApp [RevSpeedConsoleApp.java:122]  Unable to register, Error during registration
